[0.013s] Invoking command in '/home/tm0118/ros2_ws/build/duckie_interfaces': CMAKE_PREFIX_PATH=/opt/ros/humble /usr/bin/cmake /home/tm0118/ros2_ws/src/duckie_interfaces -DCMAKE_INSTALL_PREFIX=/home/tm0118/ros2_ws/install/duckie_interfaces
[0.353s] -- The C compiler identification is GNU 11.4.0
[1.480s] -- The CXX compiler identification is GNU 11.4.0
[2.365s] -- Detecting C compiler ABI info
[2.643s] -- Detecting C compiler ABI info - done
[2.648s] -- Check for working C compiler: /usr/bin/cc - skipped
[2.649s] -- Detecting C compile features
[2.650s] -- Detecting C compile features - done
[2.654s] -- Detecting CXX compiler ABI info
[2.933s] -- Detecting CXX compiler ABI info - done
[2.939s] -- Check for working CXX compiler: /usr/bin/c++ - skipped
[2.939s] -- Detecting CXX compile features
[2.939s] -- Detecting CXX compile features - done
[2.950s] -- Found ament_cmake: 1.3.12 (/opt/ros/humble/share/ament_cmake/cmake)
[3.079s] -- Found Python3: /usr/bin/python3 (found version "3.10.12") found components: Interpreter 
[3.175s] -- Found rosidl_default_generators: 1.2.0 (/opt/ros/humble/share/rosidl_default_generators/cmake)
[3.181s] -- Using all available rosidl_typesupport_c: rosidl_typesupport_fastrtps_c;rosidl_typesupport_introspection_c
[3.189s] -- Found rosidl_adapter: 3.1.7 (/opt/ros/humble/share/rosidl_adapter/cmake)
[3.488s] -- Using all available rosidl_typesupport_cpp: rosidl_typesupport_fastrtps_cpp;rosidl_typesupport_introspection_cpp
[3.735s] -- Found ament_cmake_ros: 0.10.0 (/opt/ros/humble/share/ament_cmake_ros/cmake)
[3.892s] -- Using all available rosidl_typesupport_c: rosidl_typesupport_fastrtps_c;rosidl_typesupport_introspection_c
[4.101s] -- Using all available rosidl_typesupport_cpp: rosidl_typesupport_fastrtps_cpp;rosidl_typesupport_introspection_cpp
[4.416s] -- Found PythonInterp: /usr/bin/python3 (found suitable version "3.10.12", minimum required is "3.6") 
[4.418s] -- Found python_cmake_module: 0.10.0 (/opt/ros/humble/share/python_cmake_module/cmake)
[5.448s] -- Found PythonLibs: /usr/lib/x86_64-linux-gnu/libpython3.10.so (found suitable version "3.10.12", minimum required is "3.5") 
[5.448s] -- Using PYTHON_EXECUTABLE: /usr/bin/python3
[5.449s] -- Using PYTHON_INCLUDE_DIRS: /usr/include/python3.10
[5.449s] -- Using PYTHON_LIBRARIES: /usr/lib/x86_64-linux-gnu/libpython3.10.so
[5.467s] -- Found PythonExtra: .so  
[5.610s] -- Configuring done
[5.650s] -- Generating done
[5.659s] -- Build files have been written to: /home/tm0118/ros2_ws/build/duckie_interfaces
[5.669s] Invoked command in '/home/tm0118/ros2_ws/build/duckie_interfaces' returned '0': CMAKE_PREFIX_PATH=/opt/ros/humble /usr/bin/cmake /home/tm0118/ros2_ws/src/duckie_interfaces -DCMAKE_INSTALL_PREFIX=/home/tm0118/ros2_ws/install/duckie_interfaces
[5.670s] Invoking command in '/home/tm0118/ros2_ws/build/duckie_interfaces': CMAKE_PREFIX_PATH=/opt/ros/humble /usr/bin/cmake --build /home/tm0118/ros2_ws/build/duckie_interfaces -- -j32 -l32
[5.710s] [  3%] [34m[1mGenerating C code for ROS interfaces[0m
[5.719s] [  6%] [34m[1mGenerating C++ code for ROS interfaces[0m
[5.729s] [  6%] Built target ament_cmake_python_copy_duckie_interfaces
[5.928s] running egg_info
[5.929s] creating duckie_interfaces.egg-info
[5.930s] writing duckie_interfaces.egg-info/PKG-INFO
[5.930s] writing dependency_links to duckie_interfaces.egg-info/dependency_links.txt
[5.930s] writing top-level names to duckie_interfaces.egg-info/top_level.txt
[5.930s] writing manifest file 'duckie_interfaces.egg-info/SOURCES.txt'
[5.932s] reading manifest file 'duckie_interfaces.egg-info/SOURCES.txt'
[5.933s] writing manifest file 'duckie_interfaces.egg-info/SOURCES.txt'
[5.940s] [  6%] Built target duckie_interfaces__cpp
[5.951s] [ 19%] [34m[1mGenerating C++ type support dispatch for ROS interfaces[0m
[5.951s] [ 19%] [32mBuilding C object CMakeFiles/duckie_interfaces__rosidl_generator_c.dir/rosidl_generator_c/duckie_interfaces/srv/detail/set_color__functions.c.o[0m
[5.951s] [ 19%] [34m[1mGenerating C++ introspection for ROS interfaces[0m
[5.951s] [ 19%] [34m[1mGenerating C++ type support for eProsima Fast-RTPS[0m
[5.961s] [ 19%] Built target ament_cmake_python_build_duckie_interfaces_egg
[6.029s] [ 22%] [32m[1mLinking C shared library libduckie_interfaces__rosidl_generator_c.so[0m
[6.134s] [ 25%] [32mBuilding CXX object CMakeFiles/duckie_interfaces__rosidl_typesupport_cpp.dir/rosidl_typesupport_cpp/duckie_interfaces/srv/set_color__type_support.cpp.o[0m
[6.154s] [ 29%] [32mBuilding CXX object CMakeFiles/duckie_interfaces__rosidl_typesupport_introspection_cpp.dir/rosidl_typesupport_introspection_cpp/duckie_interfaces/srv/detail/set_color__type_support.cpp.o[0m
[6.162s] [ 32%] [32mBuilding CXX object CMakeFiles/duckie_interfaces__rosidl_typesupport_fastrtps_cpp.dir/rosidl_typesupport_fastrtps_cpp/duckie_interfaces/srv/detail/dds_fastrtps/set_color__type_support.cpp.o[0m
[6.302s] [ 32%] Built target duckie_interfaces__rosidl_generator_c
[6.314s] [ 41%] [34m[1mGenerating C introspection for ROS interfaces[0m
[6.314s] [ 41%] [34m[1mGenerating C type support dispatch for ROS interfaces[0m
[6.314s] [ 41%] [34m[1mGenerating C type support for eProsima Fast-RTPS[0m
[6.427s] [ 45%] [32m[1mLinking CXX shared library libduckie_interfaces__rosidl_typesupport_cpp.so[0m
[6.508s] [ 48%] [32mBuilding CXX object CMakeFiles/duckie_interfaces__rosidl_typesupport_c.dir/rosidl_typesupport_c/duckie_interfaces/srv/set_color__type_support.cpp.o[0m
[6.529s] [ 51%] [32mBuilding C object CMakeFiles/duckie_interfaces__rosidl_typesupport_introspection_c.dir/rosidl_typesupport_introspection_c/duckie_interfaces/srv/detail/set_color__type_support.c.o[0m
[6.531s] [ 54%] [32m[1mLinking CXX shared library libduckie_interfaces__rosidl_typesupport_introspection_cpp.so[0m
[6.539s] [ 58%] [32mBuilding CXX object CMakeFiles/duckie_interfaces__rosidl_typesupport_fastrtps_c.dir/rosidl_typesupport_fastrtps_c/duckie_interfaces/srv/detail/set_color__type_support_c.cpp.o[0m
[6.540s] [ 61%] [32m[1mLinking CXX shared library libduckie_interfaces__rosidl_typesupport_c.so[0m
[6.564s] [ 64%] [32m[1mLinking CXX shared library libduckie_interfaces__rosidl_typesupport_fastrtps_cpp.so[0m
[6.570s] [ 67%] [32m[1mLinking C shared library libduckie_interfaces__rosidl_typesupport_introspection_c.so[0m
[6.657s] [ 67%] Built target duckie_interfaces__rosidl_typesupport_cpp
[6.725s] [ 67%] Built target duckie_interfaces__rosidl_typesupport_c
[6.745s] [ 67%] Built target duckie_interfaces__rosidl_typesupport_introspection_cpp
[6.802s] [ 67%] Built target duckie_interfaces__rosidl_typesupport_introspection_c
[6.848s] [ 67%] Built target duckie_interfaces__rosidl_typesupport_fastrtps_cpp
[6.855s] [ 70%] [32m[1mLinking CXX shared library libduckie_interfaces__rosidl_typesupport_fastrtps_c.so[0m
[7.134s] [ 70%] Built target duckie_interfaces__rosidl_typesupport_fastrtps_c
[7.157s] [ 70%] Built target duckie_interfaces
[7.179s] [ 74%] [34m[1mGenerating Python code for ROS interfaces[0m
[7.437s] [ 74%] Built target duckie_interfaces__py
[7.460s] [ 77%] [32mBuilding C object CMakeFiles/duckie_interfaces__rosidl_generator_py.dir/rosidl_generator_py/duckie_interfaces/srv/_set_color_s.c.o[0m
[7.590s] [ 80%] [32m[1mLinking C shared library rosidl_generator_py/duckie_interfaces/libduckie_interfaces__rosidl_generator_py.so[0m
[7.826s] [ 80%] Built target duckie_interfaces__rosidl_generator_py
[7.846s] [ 90%] [32mBuilding C object CMakeFiles/duckie_interfaces__rosidl_typesupport_c__pyext.dir/rosidl_generator_py/duckie_interfaces/_duckie_interfaces_s.ep.rosidl_typesupport_c.c.o[0m
[7.846s] [ 90%] [32mBuilding C object CMakeFiles/duckie_interfaces__rosidl_typesupport_fastrtps_c__pyext.dir/rosidl_generator_py/duckie_interfaces/_duckie_interfaces_s.ep.rosidl_typesupport_fastrtps_c.c.o[0m
[7.846s] [ 90%] [32mBuilding C object CMakeFiles/duckie_interfaces__rosidl_typesupport_introspection_c__pyext.dir/rosidl_generator_py/duckie_interfaces/_duckie_interfaces_s.ep.rosidl_typesupport_introspection_c.c.o[0m
[7.929s] [ 96%] [32m[1mLinking C shared library rosidl_generator_py/duckie_interfaces/duckie_interfaces_s__rosidl_typesupport_c.cpython-310-x86_64-linux-gnu.so[0m
[7.929s] [ 96%] [32m[1mLinking C shared library rosidl_generator_py/duckie_interfaces/duckie_interfaces_s__rosidl_typesupport_introspection_c.cpython-310-x86_64-linux-gnu.so[0m
[7.935s] [100%] [32m[1mLinking C shared library rosidl_generator_py/duckie_interfaces/duckie_interfaces_s__rosidl_typesupport_fastrtps_c.cpython-310-x86_64-linux-gnu.so[0m
[8.097s] [100%] Built target duckie_interfaces__rosidl_typesupport_introspection_c__pyext
[8.097s] [100%] Built target duckie_interfaces__rosidl_typesupport_c__pyext
[8.169s] [100%] Built target duckie_interfaces__rosidl_typesupport_fastrtps_c__pyext
[8.182s] Invoked command in '/home/tm0118/ros2_ws/build/duckie_interfaces' returned '0': CMAKE_PREFIX_PATH=/opt/ros/humble /usr/bin/cmake --build /home/tm0118/ros2_ws/build/duckie_interfaces -- -j32 -l32
[8.192s] Invoking command in '/home/tm0118/ros2_ws/build/duckie_interfaces': CMAKE_PREFIX_PATH=/opt/ros/humble /usr/bin/cmake --install /home/tm0118/ros2_ws/build/duckie_interfaces
[8.200s] -- Install configuration: ""
[8.201s] -- Installing: /home/tm0118/ros2_ws/install/duckie_interfaces/share/ament_index/resource_index/rosidl_interfaces/duckie_interfaces
[8.201s] -- Installing: /home/tm0118/ros2_ws/install/duckie_interfaces/include/duckie_interfaces/duckie_interfaces
[8.201s] -- Installing: /home/tm0118/ros2_ws/install/duckie_interfaces/include/duckie_interfaces/duckie_interfaces/srv
[8.202s] -- Installing: /home/tm0118/ros2_ws/install/duckie_interfaces/include/duckie_interfaces/duckie_interfaces/srv/set_color.h
[8.202s] -- Installing: /home/tm0118/ros2_ws/install/duckie_interfaces/include/duckie_interfaces/duckie_interfaces/srv/detail
[8.202s] -- Installing: /home/tm0118/ros2_ws/install/duckie_interfaces/include/duckie_interfaces/duckie_interfaces/srv/detail/set_color__struct.h
[8.202s] -- Installing: /home/tm0118/ros2_ws/install/duckie_interfaces/include/duckie_interfaces/duckie_interfaces/srv/detail/set_color__functions.h
[8.202s] -- Installing: /home/tm0118/ros2_ws/install/duckie_interfaces/include/duckie_interfaces/duckie_interfaces/srv/detail/set_color__functions.c
[8.203s] -- Installing: /home/tm0118/ros2_ws/install/duckie_interfaces/include/duckie_interfaces/duckie_interfaces/srv/detail/set_color__type_support.h
[8.203s] -- Installing: /home/tm0118/ros2_ws/install/duckie_interfaces/include/duckie_interfaces/duckie_interfaces/msg
[8.203s] -- Installing: /home/tm0118/ros2_ws/install/duckie_interfaces/include/duckie_interfaces/duckie_interfaces/msg/rosidl_generator_c__visibility_control.h
[8.204s] -- Installing: /home/tm0118/ros2_ws/install/duckie_interfaces/share/duckie_interfaces/environment/library_path.sh
[8.204s] -- Installing: /home/tm0118/ros2_ws/install/duckie_interfaces/share/duckie_interfaces/environment/library_path.dsv
[8.204s] -- Installing: /home/tm0118/ros2_ws/install/duckie_interfaces/lib/libduckie_interfaces__rosidl_generator_c.so
[8.205s] -- Set runtime path of "/home/tm0118/ros2_ws/install/duckie_interfaces/lib/libduckie_interfaces__rosidl_generator_c.so" to ""
[8.205s] -- Up-to-date: /home/tm0118/ros2_ws/install/duckie_interfaces/include/duckie_interfaces/duckie_interfaces
[8.205s] -- Up-to-date: /home/tm0118/ros2_ws/install/duckie_interfaces/include/duckie_interfaces/duckie_interfaces/srv
[8.205s] -- Up-to-date: /home/tm0118/ros2_ws/install/duckie_interfaces/include/duckie_interfaces/duckie_interfaces/srv/detail
[8.205s] -- Installing: /home/tm0118/ros2_ws/install/duckie_interfaces/include/duckie_interfaces/duckie_interfaces/srv/detail/set_color__rosidl_typesupport_fastrtps_c.h
[8.205s] -- Up-to-date: /home/tm0118/ros2_ws/install/duckie_interfaces/include/duckie_interfaces/duckie_interfaces/msg
[8.205s] -- Installing: /home/tm0118/ros2_ws/install/duckie_interfaces/include/duckie_interfaces/duckie_interfaces/msg/rosidl_typesupport_fastrtps_c__visibility_control.h
[8.205s] -- Installing: /home/tm0118/ros2_ws/install/duckie_interfaces/lib/libduckie_interfaces__rosidl_typesupport_fastrtps_c.so
[8.206s] -- Set runtime path of "/home/tm0118/ros2_ws/install/duckie_interfaces/lib/libduckie_interfaces__rosidl_typesupport_fastrtps_c.so" to ""
[8.206s] -- Up-to-date: /home/tm0118/ros2_ws/install/duckie_interfaces/include/duckie_interfaces/duckie_interfaces
[8.206s] -- Up-to-date: /home/tm0118/ros2_ws/install/duckie_interfaces/include/duckie_interfaces/duckie_interfaces/srv
[8.206s] -- Up-to-date: /home/tm0118/ros2_ws/install/duckie_interfaces/include/duckie_interfaces/duckie_interfaces/srv/detail
[8.206s] -- Installing: /home/tm0118/ros2_ws/install/duckie_interfaces/include/duckie_interfaces/duckie_interfaces/srv/detail/set_color__rosidl_typesupport_introspection_c.h
[8.206s] -- Installing: /home/tm0118/ros2_ws/install/duckie_interfaces/include/duckie_interfaces/duckie_interfaces/srv/detail/set_color__type_support.c
[8.206s] -- Up-to-date: /home/tm0118/ros2_ws/install/duckie_interfaces/include/duckie_interfaces/duckie_interfaces/msg
[8.206s] -- Installing: /home/tm0118/ros2_ws/install/duckie_interfaces/include/duckie_interfaces/duckie_interfaces/msg/rosidl_typesupport_introspection_c__visibility_control.h
[8.206s] -- Installing: /home/tm0118/ros2_ws/install/duckie_interfaces/lib/libduckie_interfaces__rosidl_typesupport_introspection_c.so
[8.207s] -- Set runtime path of "/home/tm0118/ros2_ws/install/duckie_interfaces/lib/libduckie_interfaces__rosidl_typesupport_introspection_c.so" to ""
[8.207s] -- Installing: /home/tm0118/ros2_ws/install/duckie_interfaces/lib/libduckie_interfaces__rosidl_typesupport_c.so
[8.207s] -- Set runtime path of "/home/tm0118/ros2_ws/install/duckie_interfaces/lib/libduckie_interfaces__rosidl_typesupport_c.so" to ""
[8.207s] -- Up-to-date: /home/tm0118/ros2_ws/install/duckie_interfaces/include/duckie_interfaces/duckie_interfaces
[8.208s] -- Up-to-date: /home/tm0118/ros2_ws/install/duckie_interfaces/include/duckie_interfaces/duckie_interfaces/srv
[8.208s] -- Installing: /home/tm0118/ros2_ws/install/duckie_interfaces/include/duckie_interfaces/duckie_interfaces/srv/set_color.hpp
[8.208s] -- Up-to-date: /home/tm0118/ros2_ws/install/duckie_interfaces/include/duckie_interfaces/duckie_interfaces/srv/detail
[8.208s] -- Installing: /home/tm0118/ros2_ws/install/duckie_interfaces/include/duckie_interfaces/duckie_interfaces/srv/detail/set_color__builder.hpp
[8.208s] -- Installing: /home/tm0118/ros2_ws/install/duckie_interfaces/include/duckie_interfaces/duckie_interfaces/srv/detail/set_color__struct.hpp
[8.208s] -- Installing: /home/tm0118/ros2_ws/install/duckie_interfaces/include/duckie_interfaces/duckie_interfaces/srv/detail/set_color__type_support.hpp
[8.208s] -- Installing: /home/tm0118/ros2_ws/install/duckie_interfaces/include/duckie_interfaces/duckie_interfaces/srv/detail/set_color__traits.hpp
[8.209s] -- Up-to-date: /home/tm0118/ros2_ws/install/duckie_interfaces/include/duckie_interfaces/duckie_interfaces/msg
[8.209s] -- Installing: /home/tm0118/ros2_ws/install/duckie_interfaces/include/duckie_interfaces/duckie_interfaces/msg/rosidl_generator_cpp__visibility_control.hpp
[8.209s] -- Up-to-date: /home/tm0118/ros2_ws/install/duckie_interfaces/include/duckie_interfaces/duckie_interfaces
[8.209s] -- Up-to-date: /home/tm0118/ros2_ws/install/duckie_interfaces/include/duckie_interfaces/duckie_interfaces/srv
[8.209s] -- Up-to-date: /home/tm0118/ros2_ws/install/duckie_interfaces/include/duckie_interfaces/duckie_interfaces/srv/detail
[8.209s] -- Installing: /home/tm0118/ros2_ws/install/duckie_interfaces/include/duckie_interfaces/duckie_interfaces/srv/detail/set_color__rosidl_typesupport_fastrtps_cpp.hpp
[8.209s] -- Installing: /home/tm0118/ros2_ws/install/duckie_interfaces/include/duckie_interfaces/duckie_interfaces/srv/detail/dds_fastrtps
[8.210s] -- Up-to-date: /home/tm0118/ros2_ws/install/duckie_interfaces/include/duckie_interfaces/duckie_interfaces/msg
[8.210s] -- Installing: /home/tm0118/ros2_ws/install/duckie_interfaces/include/duckie_interfaces/duckie_interfaces/msg/rosidl_typesupport_fastrtps_cpp__visibility_control.h
[8.210s] -- Installing: /home/tm0118/ros2_ws/install/duckie_interfaces/lib/libduckie_interfaces__rosidl_typesupport_fastrtps_cpp.so
[8.210s] -- Set runtime path of "/home/tm0118/ros2_ws/install/duckie_interfaces/lib/libduckie_interfaces__rosidl_typesupport_fastrtps_cpp.so" to ""
[8.210s] -- Up-to-date: /home/tm0118/ros2_ws/install/duckie_interfaces/include/duckie_interfaces/duckie_interfaces
[8.210s] -- Up-to-date: /home/tm0118/ros2_ws/install/duckie_interfaces/include/duckie_interfaces/duckie_interfaces/srv
[8.210s] -- Up-to-date: /home/tm0118/ros2_ws/install/duckie_interfaces/include/duckie_interfaces/duckie_interfaces/srv/detail
[8.210s] -- Installing: /home/tm0118/ros2_ws/install/duckie_interfaces/include/duckie_interfaces/duckie_interfaces/srv/detail/set_color__type_support.cpp
[8.211s] -- Installing: /home/tm0118/ros2_ws/install/duckie_interfaces/include/duckie_interfaces/duckie_interfaces/srv/detail/set_color__rosidl_typesupport_introspection_cpp.hpp
[8.211s] -- Installing: /home/tm0118/ros2_ws/install/duckie_interfaces/lib/libduckie_interfaces__rosidl_typesupport_introspection_cpp.so
[8.211s] -- Set runtime path of "/home/tm0118/ros2_ws/install/duckie_interfaces/lib/libduckie_interfaces__rosidl_typesupport_introspection_cpp.so" to ""
[8.211s] -- Installing: /home/tm0118/ros2_ws/install/duckie_interfaces/lib/libduckie_interfaces__rosidl_typesupport_cpp.so
[8.212s] -- Set runtime path of "/home/tm0118/ros2_ws/install/duckie_interfaces/lib/libduckie_interfaces__rosidl_typesupport_cpp.so" to ""
[8.212s] -- Installing: /home/tm0118/ros2_ws/install/duckie_interfaces/share/duckie_interfaces/environment/pythonpath.sh
[8.212s] -- Installing: /home/tm0118/ros2_ws/install/duckie_interfaces/share/duckie_interfaces/environment/pythonpath.dsv
[8.212s] -- Installing: /home/tm0118/ros2_ws/install/duckie_interfaces/local/lib/python3.10/dist-packages/duckie_interfaces-0.0.0-py3.10.egg-info
[8.213s] -- Installing: /home/tm0118/ros2_ws/install/duckie_interfaces/local/lib/python3.10/dist-packages/duckie_interfaces-0.0.0-py3.10.egg-info/top_level.txt
[8.213s] -- Installing: /home/tm0118/ros2_ws/install/duckie_interfaces/local/lib/python3.10/dist-packages/duckie_interfaces-0.0.0-py3.10.egg-info/dependency_links.txt
[8.213s] -- Installing: /home/tm0118/ros2_ws/install/duckie_interfaces/local/lib/python3.10/dist-packages/duckie_interfaces-0.0.0-py3.10.egg-info/SOURCES.txt
[8.214s] -- Installing: /home/tm0118/ros2_ws/install/duckie_interfaces/local/lib/python3.10/dist-packages/duckie_interfaces-0.0.0-py3.10.egg-info/PKG-INFO
[8.214s] -- Installing: /home/tm0118/ros2_ws/install/duckie_interfaces/local/lib/python3.10/dist-packages/duckie_interfaces
[8.214s] -- Installing: /home/tm0118/ros2_ws/install/duckie_interfaces/local/lib/python3.10/dist-packages/duckie_interfaces/duckie_interfaces_s__rosidl_typesupport_c.cpython-310-x86_64-linux-gnu.so
[8.214s] -- Installing: /home/tm0118/ros2_ws/install/duckie_interfaces/local/lib/python3.10/dist-packages/duckie_interfaces/srv
[8.214s] -- Installing: /home/tm0118/ros2_ws/install/duckie_interfaces/local/lib/python3.10/dist-packages/duckie_interfaces/srv/_set_color_s.c
[8.215s] -- Installing: /home/tm0118/ros2_ws/install/duckie_interfaces/local/lib/python3.10/dist-packages/duckie_interfaces/srv/_set_color.py
[8.215s] -- Installing: /home/tm0118/ros2_ws/install/duckie_interfaces/local/lib/python3.10/dist-packages/duckie_interfaces/srv/__init__.py
[8.215s] -- Installing: /home/tm0118/ros2_ws/install/duckie_interfaces/local/lib/python3.10/dist-packages/duckie_interfaces/_duckie_interfaces_s.ep.rosidl_typesupport_c.c
[8.215s] -- Installing: /home/tm0118/ros2_ws/install/duckie_interfaces/local/lib/python3.10/dist-packages/duckie_interfaces/duckie_interfaces_s__rosidl_typesupport_introspection_c.cpython-310-x86_64-linux-gnu.so
[8.215s] -- Installing: /home/tm0118/ros2_ws/install/duckie_interfaces/local/lib/python3.10/dist-packages/duckie_interfaces/libduckie_interfaces__rosidl_generator_py.so
[8.215s] -- Installing: /home/tm0118/ros2_ws/install/duckie_interfaces/local/lib/python3.10/dist-packages/duckie_interfaces/duckie_interfaces_s__rosidl_typesupport_fastrtps_c.cpython-310-x86_64-linux-gnu.so
[8.216s] -- Installing: /home/tm0118/ros2_ws/install/duckie_interfaces/local/lib/python3.10/dist-packages/duckie_interfaces/_duckie_interfaces_s.ep.rosidl_typesupport_fastrtps_c.c
[8.216s] -- Installing: /home/tm0118/ros2_ws/install/duckie_interfaces/local/lib/python3.10/dist-packages/duckie_interfaces/_duckie_interfaces_s.ep.rosidl_typesupport_introspection_c.c
[8.216s] -- Installing: /home/tm0118/ros2_ws/install/duckie_interfaces/local/lib/python3.10/dist-packages/duckie_interfaces/__init__.py
[8.246s] Listing '/home/tm0118/ros2_ws/install/duckie_interfaces/local/lib/python3.10/dist-packages/duckie_interfaces'...
[8.246s] Compiling '/home/tm0118/ros2_ws/install/duckie_interfaces/local/lib/python3.10/dist-packages/duckie_interfaces/__init__.py'...
[8.246s] Listing '/home/tm0118/ros2_ws/install/duckie_interfaces/local/lib/python3.10/dist-packages/duckie_interfaces/srv'...
[8.246s] Compiling '/home/tm0118/ros2_ws/install/duckie_interfaces/local/lib/python3.10/dist-packages/duckie_interfaces/srv/__init__.py'...
[8.246s] Compiling '/home/tm0118/ros2_ws/install/duckie_interfaces/local/lib/python3.10/dist-packages/duckie_interfaces/srv/_set_color.py'...
[8.251s] -- Installing: /home/tm0118/ros2_ws/install/duckie_interfaces/local/lib/python3.10/dist-packages/duckie_interfaces/duckie_interfaces_s__rosidl_typesupport_fastrtps_c.cpython-310-x86_64-linux-gnu.so
[8.251s] -- Set runtime path of "/home/tm0118/ros2_ws/install/duckie_interfaces/local/lib/python3.10/dist-packages/duckie_interfaces/duckie_interfaces_s__rosidl_typesupport_fastrtps_c.cpython-310-x86_64-linux-gnu.so" to ""
[8.252s] -- Installing: /home/tm0118/ros2_ws/install/duckie_interfaces/local/lib/python3.10/dist-packages/duckie_interfaces/duckie_interfaces_s__rosidl_typesupport_introspection_c.cpython-310-x86_64-linux-gnu.so
[8.252s] -- Set runtime path of "/home/tm0118/ros2_ws/install/duckie_interfaces/local/lib/python3.10/dist-packages/duckie_interfaces/duckie_interfaces_s__rosidl_typesupport_introspection_c.cpython-310-x86_64-linux-gnu.so" to ""
[8.252s] -- Installing: /home/tm0118/ros2_ws/install/duckie_interfaces/local/lib/python3.10/dist-packages/duckie_interfaces/duckie_interfaces_s__rosidl_typesupport_c.cpython-310-x86_64-linux-gnu.so
[8.253s] -- Set runtime path of "/home/tm0118/ros2_ws/install/duckie_interfaces/local/lib/python3.10/dist-packages/duckie_interfaces/duckie_interfaces_s__rosidl_typesupport_c.cpython-310-x86_64-linux-gnu.so" to ""
[8.253s] -- Installing: /home/tm0118/ros2_ws/install/duckie_interfaces/lib/libduckie_interfaces__rosidl_generator_py.so
[8.253s] -- Set runtime path of "/home/tm0118/ros2_ws/install/duckie_interfaces/lib/libduckie_interfaces__rosidl_generator_py.so" to ""
[8.254s] -- Installing: /home/tm0118/ros2_ws/install/duckie_interfaces/share/duckie_interfaces/srv/SetColor.idl
[8.254s] -- Installing: /home/tm0118/ros2_ws/install/duckie_interfaces/share/duckie_interfaces/srv/SetColor.srv
[8.254s] -- Installing: /home/tm0118/ros2_ws/install/duckie_interfaces/share/duckie_interfaces/srv/SetColor_Request.msg
[8.254s] -- Installing: /home/tm0118/ros2_ws/install/duckie_interfaces/share/duckie_interfaces/srv/SetColor_Response.msg
[8.254s] -- Installing: /home/tm0118/ros2_ws/install/duckie_interfaces/share/ament_index/resource_index/package_run_dependencies/duckie_interfaces
[8.255s] -- Installing: /home/tm0118/ros2_ws/install/duckie_interfaces/share/ament_index/resource_index/parent_prefix_path/duckie_interfaces
[8.255s] -- Installing: /home/tm0118/ros2_ws/install/duckie_interfaces/share/duckie_interfaces/environment/ament_prefix_path.sh
[8.255s] -- Installing: /home/tm0118/ros2_ws/install/duckie_interfaces/share/duckie_interfaces/environment/ament_prefix_path.dsv
[8.255s] -- Installing: /home/tm0118/ros2_ws/install/duckie_interfaces/share/duckie_interfaces/environment/path.sh
[8.256s] -- Installing: /home/tm0118/ros2_ws/install/duckie_interfaces/share/duckie_interfaces/environment/path.dsv
[8.256s] -- Installing: /home/tm0118/ros2_ws/install/duckie_interfaces/share/duckie_interfaces/local_setup.bash
[8.256s] -- Installing: /home/tm0118/ros2_ws/install/duckie_interfaces/share/duckie_interfaces/local_setup.sh
[8.256s] -- Installing: /home/tm0118/ros2_ws/install/duckie_interfaces/share/duckie_interfaces/local_setup.zsh
[8.256s] -- Installing: /home/tm0118/ros2_ws/install/duckie_interfaces/share/duckie_interfaces/local_setup.dsv
[8.257s] -- Installing: /home/tm0118/ros2_ws/install/duckie_interfaces/share/duckie_interfaces/package.dsv
[8.257s] -- Installing: /home/tm0118/ros2_ws/install/duckie_interfaces/share/ament_index/resource_index/packages/duckie_interfaces
[8.257s] -- Installing: /home/tm0118/ros2_ws/install/duckie_interfaces/share/duckie_interfaces/cmake/export_duckie_interfaces__rosidl_generator_cExport.cmake
[8.257s] -- Installing: /home/tm0118/ros2_ws/install/duckie_interfaces/share/duckie_interfaces/cmake/export_duckie_interfaces__rosidl_generator_cExport-noconfig.cmake
[8.258s] -- Installing: /home/tm0118/ros2_ws/install/duckie_interfaces/share/duckie_interfaces/cmake/export_duckie_interfaces__rosidl_typesupport_fastrtps_cExport.cmake
[8.258s] -- Installing: /home/tm0118/ros2_ws/install/duckie_interfaces/share/duckie_interfaces/cmake/export_duckie_interfaces__rosidl_typesupport_fastrtps_cExport-noconfig.cmake
[8.258s] -- Installing: /home/tm0118/ros2_ws/install/duckie_interfaces/share/duckie_interfaces/cmake/duckie_interfaces__rosidl_typesupport_introspection_cExport.cmake
[8.258s] -- Installing: /home/tm0118/ros2_ws/install/duckie_interfaces/share/duckie_interfaces/cmake/duckie_interfaces__rosidl_typesupport_introspection_cExport-noconfig.cmake
[8.258s] -- Installing: /home/tm0118/ros2_ws/install/duckie_interfaces/share/duckie_interfaces/cmake/duckie_interfaces__rosidl_typesupport_cExport.cmake
[8.259s] -- Installing: /home/tm0118/ros2_ws/install/duckie_interfaces/share/duckie_interfaces/cmake/duckie_interfaces__rosidl_typesupport_cExport-noconfig.cmake
[8.259s] -- Installing: /home/tm0118/ros2_ws/install/duckie_interfaces/share/duckie_interfaces/cmake/export_duckie_interfaces__rosidl_generator_cppExport.cmake
[8.259s] -- Installing: /home/tm0118/ros2_ws/install/duckie_interfaces/share/duckie_interfaces/cmake/export_duckie_interfaces__rosidl_typesupport_fastrtps_cppExport.cmake
[8.259s] -- Installing: /home/tm0118/ros2_ws/install/duckie_interfaces/share/duckie_interfaces/cmake/export_duckie_interfaces__rosidl_typesupport_fastrtps_cppExport-noconfig.cmake
[8.259s] -- Installing: /home/tm0118/ros2_ws/install/duckie_interfaces/share/duckie_interfaces/cmake/duckie_interfaces__rosidl_typesupport_introspection_cppExport.cmake
[8.260s] -- Installing: /home/tm0118/ros2_ws/install/duckie_interfaces/share/duckie_interfaces/cmake/duckie_interfaces__rosidl_typesupport_introspection_cppExport-noconfig.cmake
[8.260s] -- Installing: /home/tm0118/ros2_ws/install/duckie_interfaces/share/duckie_interfaces/cmake/duckie_interfaces__rosidl_typesupport_cppExport.cmake
[8.260s] -- Installing: /home/tm0118/ros2_ws/install/duckie_interfaces/share/duckie_interfaces/cmake/duckie_interfaces__rosidl_typesupport_cppExport-noconfig.cmake
[8.260s] -- Installing: /home/tm0118/ros2_ws/install/duckie_interfaces/share/duckie_interfaces/cmake/export_duckie_interfaces__rosidl_generator_pyExport.cmake
[8.260s] -- Installing: /home/tm0118/ros2_ws/install/duckie_interfaces/share/duckie_interfaces/cmake/export_duckie_interfaces__rosidl_generator_pyExport-noconfig.cmake
[8.261s] -- Installing: /home/tm0118/ros2_ws/install/duckie_interfaces/share/duckie_interfaces/cmake/rosidl_cmake-extras.cmake
[8.261s] -- Installing: /home/tm0118/ros2_ws/install/duckie_interfaces/share/duckie_interfaces/cmake/ament_cmake_export_include_directories-extras.cmake
[8.261s] -- Installing: /home/tm0118/ros2_ws/install/duckie_interfaces/share/duckie_interfaces/cmake/ament_cmake_export_libraries-extras.cmake
[8.261s] -- Installing: /home/tm0118/ros2_ws/install/duckie_interfaces/share/duckie_interfaces/cmake/ament_cmake_export_targets-extras.cmake
[8.261s] -- Installing: /home/tm0118/ros2_ws/install/duckie_interfaces/share/duckie_interfaces/cmake/rosidl_cmake_export_typesupport_targets-extras.cmake
[8.261s] -- Installing: /home/tm0118/ros2_ws/install/duckie_interfaces/share/duckie_interfaces/cmake/ament_cmake_export_dependencies-extras.cmake
[8.262s] -- Installing: /home/tm0118/ros2_ws/install/duckie_interfaces/share/duckie_interfaces/cmake/rosidl_cmake_export_typesupport_libraries-extras.cmake
[8.262s] -- Installing: /home/tm0118/ros2_ws/install/duckie_interfaces/share/duckie_interfaces/cmake/duckie_interfacesConfig.cmake
[8.262s] -- Installing: /home/tm0118/ros2_ws/install/duckie_interfaces/share/duckie_interfaces/cmake/duckie_interfacesConfig-version.cmake
[8.262s] -- Installing: /home/tm0118/ros2_ws/install/duckie_interfaces/share/duckie_interfaces/package.xml
[8.265s] Invoked command in '/home/tm0118/ros2_ws/build/duckie_interfaces' returned '0': CMAKE_PREFIX_PATH=/opt/ros/humble /usr/bin/cmake --install /home/tm0118/ros2_ws/build/duckie_interfaces
