[1.066s] Invoking command in '/home/tm0118/ros2_ws/src/duckie_control': AMENT_PREFIX_PATH=/home/tm0118/ros2_ws/install/duckie_interfaces:${AMENT_PREFIX_PATH} CMAKE_PREFIX_PATH=/home/tm0118/ros2_ws/install/duckie_interfaces LD_LIBRARY_PATH=/home/tm0118/ros2_ws/install/duckie_interfaces/lib:${LD_LIBRARY_PATH} PYTHONPATH=/home/tm0118/ros2_ws/build/duckie_control/prefix_override:/usr/lib/python3/dist-packages/colcon_core/task/python/colcon_distutils_commands:/home/tm0118/ros2_ws/install/duckie_control/lib/python3.10/site-packages:/home/tm0118/ros2_ws/install/duckie_interfaces/local/lib/python3.10/dist-packages:${PYTHONPATH} /usr/bin/python3 -W ignore:setup.py install is deprecated -W ignore:easy_install command is deprecated setup.py egg_info --egg-base ../../build/duckie_control build --build-base /home/tm0118/ros2_ws/build/duckie_control/build install --record /home/tm0118/ros2_ws/build/duckie_control/install.log --single-version-externally-managed install_data
[1.239s] running egg_info
[1.239s] creating ../../build/duckie_control/duckie_control.egg-info
[1.240s] writing ../../build/duckie_control/duckie_control.egg-info/PKG-INFO
[1.240s] writing dependency_links to ../../build/duckie_control/duckie_control.egg-info/dependency_links.txt
[1.240s] writing entry points to ../../build/duckie_control/duckie_control.egg-info/entry_points.txt
[1.240s] writing requirements to ../../build/duckie_control/duckie_control.egg-info/requires.txt
[1.240s] writing top-level names to ../../build/duckie_control/duckie_control.egg-info/top_level.txt
[1.241s] writing manifest file '../../build/duckie_control/duckie_control.egg-info/SOURCES.txt'
[1.242s] reading manifest file '../../build/duckie_control/duckie_control.egg-info/SOURCES.txt'
[1.242s] writing manifest file '../../build/duckie_control/duckie_control.egg-info/SOURCES.txt'
[1.242s] running build
[1.242s] running build_py
[1.242s] creating /home/tm0118/ros2_ws/build/duckie_control/build
[1.243s] creating /home/tm0118/ros2_ws/build/duckie_control/build/lib
[1.243s] creating /home/tm0118/ros2_ws/build/duckie_control/build/lib/duckie_control
[1.243s] copying duckie_control/duckie_led_service.py -> /home/tm0118/ros2_ws/build/duckie_control/build/lib/duckie_control
[1.243s] copying duckie_control/__init__.py -> /home/tm0118/ros2_ws/build/duckie_control/build/lib/duckie_control
[1.243s] running install
[1.244s] running install_lib
[1.244s] creating /home/tm0118/ros2_ws/install/duckie_control/lib/python3.10/site-packages/duckie_control
[1.244s] copying /home/tm0118/ros2_ws/build/duckie_control/build/lib/duckie_control/duckie_led_service.py -> /home/tm0118/ros2_ws/install/duckie_control/lib/python3.10/site-packages/duckie_control
[1.245s] copying /home/tm0118/ros2_ws/build/duckie_control/build/lib/duckie_control/__init__.py -> /home/tm0118/ros2_ws/install/duckie_control/lib/python3.10/site-packages/duckie_control
[1.245s] byte-compiling /home/tm0118/ros2_ws/install/duckie_control/lib/python3.10/site-packages/duckie_control/duckie_led_service.py to duckie_led_service.cpython-310.pyc
[1.246s] byte-compiling /home/tm0118/ros2_ws/install/duckie_control/lib/python3.10/site-packages/duckie_control/__init__.py to __init__.cpython-310.pyc
[1.246s] running install_data
[1.246s] creating /home/tm0118/ros2_ws/install/duckie_control/share/ament_index
[1.246s] creating /home/tm0118/ros2_ws/install/duckie_control/share/ament_index/resource_index
[1.246s] creating /home/tm0118/ros2_ws/install/duckie_control/share/ament_index/resource_index/packages
[1.246s] copying resource/duckie_control -> /home/tm0118/ros2_ws/install/duckie_control/share/ament_index/resource_index/packages
[1.247s] copying package.xml -> /home/tm0118/ros2_ws/install/duckie_control/share/duckie_control
[1.247s] running install_egg_info
[1.248s] Copying ../../build/duckie_control/duckie_control.egg-info to /home/tm0118/ros2_ws/install/duckie_control/lib/python3.10/site-packages/duckie_control-0.0.0-py3.10.egg-info
[1.249s] running install_scripts
[1.265s] Installing led_service script to /home/tm0118/ros2_ws/install/duckie_control/lib/duckie_control
[1.266s] writing list of installed files to '/home/tm0118/ros2_ws/build/duckie_control/install.log'
[1.284s] Invoked command in '/home/tm0118/ros2_ws/src/duckie_control' returned '0': AMENT_PREFIX_PATH=/home/tm0118/ros2_ws/install/duckie_interfaces:${AMENT_PREFIX_PATH} CMAKE_PREFIX_PATH=/home/tm0118/ros2_ws/install/duckie_interfaces LD_LIBRARY_PATH=/home/tm0118/ros2_ws/install/duckie_interfaces/lib:${LD_LIBRARY_PATH} PYTHONPATH=/home/tm0118/ros2_ws/build/duckie_control/prefix_override:/usr/lib/python3/dist-packages/colcon_core/task/python/colcon_distutils_commands:/home/tm0118/ros2_ws/install/duckie_control/lib/python3.10/site-packages:/home/tm0118/ros2_ws/install/duckie_interfaces/local/lib/python3.10/dist-packages:${PYTHONPATH} /usr/bin/python3 -W ignore:setup.py install is deprecated -W ignore:easy_install command is deprecated setup.py egg_info --egg-base ../../build/duckie_control build --build-base /home/tm0118/ros2_ws/build/duckie_control/build install --record /home/tm0118/ros2_ws/build/duckie_control/install.log --single-version-externally-managed install_data
