[0.383s] DEBUG:colcon:Command line arguments: ['/usr/bin/colcon', 'build']
[0.383s] DEBUG:colcon:Parsed command line arguments: Namespace(log_base=None, log_level=None, verb_name='build', build_base='build', install_base='install', merge_install=False, symlink_install=False, test_result_base=None, continue_on_error=False, executor='parallel', parallel_workers=32, event_handlers=None, ignore_user_meta=False, metas=['./colcon.meta'], base_paths=['.'], packages_ignore=None, packages_ignore_regex=None, paths=None, packages_up_to=None, packages_up_to_regex=None, packages_above=None, packages_above_and_dependencies=None, packages_above_depth=None, packages_select_by_dep=None, packages_skip_by_dep=None, packages_skip_up_to=None, packages_select_build_failed=False, packages_skip_build_finished=False, packages_select_test_failures=False, packages_skip_test_passed=False, packages_select=None, packages_skip=None, packages_select_regex=None, packages_skip_regex=None, packages_start=None, packages_end=None, allow_overriding=[], cmake_args=None, cmake_target=None, cmake_target_skip_unavailable=False, cmake_clean_cache=False, cmake_clean_first=False, cmake_force_configure=False, ament_cmake_args=None, catkin_cmake_args=None, catkin_skip_building_tests=False, mixin_files=None, mixin=None, verb_parser=<colcon_mixin.mixin.mixin_argument.MixinArgumentDecorator object at 0x7994f8e451e0>, verb_extension=<colcon_core.verb.build.BuildVerb object at 0x7994f8e44d30>, main=<bound method BuildVerb.main of <colcon_core.verb.build.BuildVerb object at 0x7994f8e44d30>>, mixin_verb=('build',))
[0.691s] Level 1:colcon.colcon_core.package_discovery:discover_packages(colcon_meta) check parameters
[0.691s] Level 1:colcon.colcon_core.package_discovery:discover_packages(recursive) check parameters
[0.692s] Level 1:colcon.colcon_core.package_discovery:discover_packages(ignore) check parameters
[0.692s] Level 1:colcon.colcon_core.package_discovery:discover_packages(path) check parameters
[0.692s] Level 1:colcon.colcon_core.package_discovery:discover_packages(colcon_meta) discover
[0.692s] Level 1:colcon.colcon_core.package_discovery:discover_packages(recursive) discover
[0.692s] INFO:colcon.colcon_core.package_discovery:Crawling recursively for packages in '/home/tm0118/ros2_ws'
[0.692s] Level 1:colcon.colcon_core.package_identification:_identify(.) by extensions ['ignore', 'ignore_ament_install']
[0.692s] Level 1:colcon.colcon_core.package_identification:_identify(.) by extension 'ignore'
[0.692s] Level 1:colcon.colcon_core.package_identification:_identify(.) by extension 'ignore_ament_install'
[0.692s] Level 1:colcon.colcon_core.package_identification:_identify(.) by extensions ['colcon_pkg']
[0.692s] Level 1:colcon.colcon_core.package_identification:_identify(.) by extension 'colcon_pkg'
[0.692s] Level 1:colcon.colcon_core.package_identification:_identify(.) by extensions ['colcon_meta']
[0.692s] Level 1:colcon.colcon_core.package_identification:_identify(.) by extension 'colcon_meta'
[0.692s] Level 1:colcon.colcon_core.package_identification:_identify(.) by extensions ['ros']
[0.692s] Level 1:colcon.colcon_core.package_identification:_identify(.) by extension 'ros'
[0.701s] Level 1:colcon.colcon_core.package_identification:_identify(.) by extensions ['cmake', 'python']
[0.701s] Level 1:colcon.colcon_core.package_identification:_identify(.) by extension 'cmake'
[0.701s] Level 1:colcon.colcon_core.package_identification:_identify(.) by extension 'python'
[0.701s] Level 1:colcon.colcon_core.package_identification:_identify(.) by extensions ['python_setup_py']
[0.701s] Level 1:colcon.colcon_core.package_identification:_identify(.) by extension 'python_setup_py'
[0.701s] Level 1:colcon.colcon_core.package_identification:_identify(build) by extensions ['ignore', 'ignore_ament_install']
[0.701s] Level 1:colcon.colcon_core.package_identification:_identify(build) by extension 'ignore'
[0.701s] Level 1:colcon.colcon_core.package_identification:_identify(build) ignored
[0.701s] Level 1:colcon.colcon_core.package_identification:_identify(install) by extensions ['ignore', 'ignore_ament_install']
[0.701s] Level 1:colcon.colcon_core.package_identification:_identify(install) by extension 'ignore'
[0.701s] Level 1:colcon.colcon_core.package_identification:_identify(install) ignored
[0.701s] Level 1:colcon.colcon_core.package_identification:_identify(log) by extensions ['ignore', 'ignore_ament_install']
[0.701s] Level 1:colcon.colcon_core.package_identification:_identify(log) by extension 'ignore'
[0.701s] Level 1:colcon.colcon_core.package_identification:_identify(log) ignored
[0.701s] Level 1:colcon.colcon_core.package_identification:_identify(src) by extensions ['ignore', 'ignore_ament_install']
[0.702s] Level 1:colcon.colcon_core.package_identification:_identify(src) by extension 'ignore'
[0.702s] Level 1:colcon.colcon_core.package_identification:_identify(src) by extension 'ignore_ament_install'
[0.702s] Level 1:colcon.colcon_core.package_identification:_identify(src) by extensions ['colcon_pkg']
[0.702s] Level 1:colcon.colcon_core.package_identification:_identify(src) by extension 'colcon_pkg'
[0.702s] Level 1:colcon.colcon_core.package_identification:_identify(src) by extensions ['colcon_meta']
[0.702s] Level 1:colcon.colcon_core.package_identification:_identify(src) by extension 'colcon_meta'
[0.702s] Level 1:colcon.colcon_core.package_identification:_identify(src) by extensions ['ros']
[0.702s] Level 1:colcon.colcon_core.package_identification:_identify(src) by extension 'ros'
[0.702s] Level 1:colcon.colcon_core.package_identification:_identify(src) by extensions ['cmake', 'python']
[0.702s] Level 1:colcon.colcon_core.package_identification:_identify(src) by extension 'cmake'
[0.702s] Level 1:colcon.colcon_core.package_identification:_identify(src) by extension 'python'
[0.702s] Level 1:colcon.colcon_core.package_identification:_identify(src) by extensions ['python_setup_py']
[0.702s] Level 1:colcon.colcon_core.package_identification:_identify(src) by extension 'python_setup_py'
[0.702s] Level 1:colcon.colcon_core.package_identification:_identify(src/duckie_control) by extensions ['ignore', 'ignore_ament_install']
[0.702s] Level 1:colcon.colcon_core.package_identification:_identify(src/duckie_control) by extension 'ignore'
[0.702s] Level 1:colcon.colcon_core.package_identification:_identify(src/duckie_control) by extension 'ignore_ament_install'
[0.702s] Level 1:colcon.colcon_core.package_identification:_identify(src/duckie_control) by extensions ['colcon_pkg']
[0.702s] Level 1:colcon.colcon_core.package_identification:_identify(src/duckie_control) by extension 'colcon_pkg'
[0.702s] Level 1:colcon.colcon_core.package_identification:_identify(src/duckie_control) by extensions ['colcon_meta']
[0.702s] Level 1:colcon.colcon_core.package_identification:_identify(src/duckie_control) by extension 'colcon_meta'
[0.702s] Level 1:colcon.colcon_core.package_identification:_identify(src/duckie_control) by extensions ['ros']
[0.702s] Level 1:colcon.colcon_core.package_identification:_identify(src/duckie_control) by extension 'ros'
[0.706s] DEBUG:colcon.colcon_core.package_identification:Package 'src/duckie_control' with type 'ros.ament_python' and name 'duckie_control'
[0.706s] Level 1:colcon.colcon_core.package_identification:_identify(src/duckie_interfaces) by extensions ['ignore', 'ignore_ament_install']
[0.706s] Level 1:colcon.colcon_core.package_identification:_identify(src/duckie_interfaces) by extension 'ignore'
[0.706s] Level 1:colcon.colcon_core.package_identification:_identify(src/duckie_interfaces) by extension 'ignore_ament_install'
[0.706s] Level 1:colcon.colcon_core.package_identification:_identify(src/duckie_interfaces) by extensions ['colcon_pkg']
[0.706s] Level 1:colcon.colcon_core.package_identification:_identify(src/duckie_interfaces) by extension 'colcon_pkg'
[0.706s] Level 1:colcon.colcon_core.package_identification:_identify(src/duckie_interfaces) by extensions ['colcon_meta']
[0.706s] Level 1:colcon.colcon_core.package_identification:_identify(src/duckie_interfaces) by extension 'colcon_meta'
[0.706s] Level 1:colcon.colcon_core.package_identification:_identify(src/duckie_interfaces) by extensions ['ros']
[0.706s] Level 1:colcon.colcon_core.package_identification:_identify(src/duckie_interfaces) by extension 'ros'
[0.707s] DEBUG:colcon.colcon_core.package_identification:Package 'src/duckie_interfaces' with type 'ros.ament_cmake' and name 'duckie_interfaces'
[0.707s] Level 1:colcon.colcon_core.package_discovery:discover_packages(recursive) using defaults
[0.707s] Level 1:colcon.colcon_core.package_discovery:discover_packages(ignore) discover
[0.707s] Level 1:colcon.colcon_core.package_discovery:discover_packages(ignore) using defaults
[0.707s] Level 1:colcon.colcon_core.package_discovery:discover_packages(path) discover
[0.707s] Level 1:colcon.colcon_core.package_discovery:discover_packages(path) using defaults
[0.745s] Level 1:colcon.colcon_core.package_discovery:discover_packages(prefix_path) check parameters
[0.745s] Level 1:colcon.colcon_core.package_discovery:discover_packages(prefix_path) discover
[0.749s] DEBUG:colcon.colcon_installed_package_information.package_discovery:Found 271 installed packages in /opt/ros/humble
[0.750s] Level 1:colcon.colcon_core.package_discovery:discover_packages(prefix_path) using defaults
[0.817s] Level 5:colcon.colcon_core.verb:set package 'duckie_interfaces' build argument 'cmake_args' from command line to 'None'
[0.817s] Level 5:colcon.colcon_core.verb:set package 'duckie_interfaces' build argument 'cmake_target' from command line to 'None'
[0.817s] Level 5:colcon.colcon_core.verb:set package 'duckie_interfaces' build argument 'cmake_target_skip_unavailable' from command line to 'False'
[0.817s] Level 5:colcon.colcon_core.verb:set package 'duckie_interfaces' build argument 'cmake_clean_cache' from command line to 'False'
[0.817s] Level 5:colcon.colcon_core.verb:set package 'duckie_interfaces' build argument 'cmake_clean_first' from command line to 'False'
[0.817s] Level 5:colcon.colcon_core.verb:set package 'duckie_interfaces' build argument 'cmake_force_configure' from command line to 'False'
[0.817s] Level 5:colcon.colcon_core.verb:set package 'duckie_interfaces' build argument 'ament_cmake_args' from command line to 'None'
[0.817s] Level 5:colcon.colcon_core.verb:set package 'duckie_interfaces' build argument 'catkin_cmake_args' from command line to 'None'
[0.817s] Level 5:colcon.colcon_core.verb:set package 'duckie_interfaces' build argument 'catkin_skip_building_tests' from command line to 'False'
[0.817s] DEBUG:colcon.colcon_core.verb:Building package 'duckie_interfaces' with the following arguments: {'ament_cmake_args': None, 'build_base': '/home/tm0118/ros2_ws/build/duckie_interfaces', 'catkin_cmake_args': None, 'catkin_skip_building_tests': False, 'cmake_args': None, 'cmake_clean_cache': False, 'cmake_clean_first': False, 'cmake_force_configure': False, 'cmake_target': None, 'cmake_target_skip_unavailable': False, 'install_base': '/home/tm0118/ros2_ws/install/duckie_interfaces', 'merge_install': False, 'path': '/home/tm0118/ros2_ws/src/duckie_interfaces', 'symlink_install': False, 'test_result_base': None}
[0.818s] Level 5:colcon.colcon_core.verb:set package 'duckie_control' build argument 'cmake_args' from command line to 'None'
[0.818s] Level 5:colcon.colcon_core.verb:set package 'duckie_control' build argument 'cmake_target' from command line to 'None'
[0.818s] Level 5:colcon.colcon_core.verb:set package 'duckie_control' build argument 'cmake_target_skip_unavailable' from command line to 'False'
[0.818s] Level 5:colcon.colcon_core.verb:set package 'duckie_control' build argument 'cmake_clean_cache' from command line to 'False'
[0.818s] Level 5:colcon.colcon_core.verb:set package 'duckie_control' build argument 'cmake_clean_first' from command line to 'False'
[0.818s] Level 5:colcon.colcon_core.verb:set package 'duckie_control' build argument 'cmake_force_configure' from command line to 'False'
[0.818s] Level 5:colcon.colcon_core.verb:set package 'duckie_control' build argument 'ament_cmake_args' from command line to 'None'
[0.818s] Level 5:colcon.colcon_core.verb:set package 'duckie_control' build argument 'catkin_cmake_args' from command line to 'None'
[0.818s] Level 5:colcon.colcon_core.verb:set package 'duckie_control' build argument 'catkin_skip_building_tests' from command line to 'False'
[0.818s] DEBUG:colcon.colcon_core.verb:Building package 'duckie_control' with the following arguments: {'ament_cmake_args': None, 'build_base': '/home/tm0118/ros2_ws/build/duckie_control', 'catkin_cmake_args': None, 'catkin_skip_building_tests': False, 'cmake_args': None, 'cmake_clean_cache': False, 'cmake_clean_first': False, 'cmake_force_configure': False, 'cmake_target': None, 'cmake_target_skip_unavailable': False, 'install_base': '/home/tm0118/ros2_ws/install/duckie_control', 'merge_install': False, 'path': '/home/tm0118/ros2_ws/src/duckie_control', 'symlink_install': False, 'test_result_base': None}
[0.818s] INFO:colcon.colcon_core.executor:Executing jobs using 'parallel' executor
[0.819s] DEBUG:colcon.colcon_parallel_executor.executor.parallel:run_until_complete
[0.819s] INFO:colcon.colcon_ros.task.ament_cmake.build:Building ROS package in '/home/tm0118/ros2_ws/src/duckie_interfaces' with build type 'ament_cmake'
[0.819s] INFO:colcon.colcon_cmake.task.cmake.build:Building CMake package in '/home/tm0118/ros2_ws/src/duckie_interfaces'
[0.825s] INFO:colcon.colcon_core.plugin_system:Skipping extension 'colcon_core.shell.bat': Not used on non-Windows systems
[0.825s] INFO:colcon.colcon_core.shell:Skip shell extension 'powershell' for command environment: Not usable outside of PowerShell
[0.825s] DEBUG:colcon.colcon_core.shell:Skip shell extension 'dsv' for command environment
[0.833s] DEBUG:colcon.colcon_core.event_handler.log_command:Invoking command in '/home/tm0118/ros2_ws/build/duckie_interfaces': CMAKE_PREFIX_PATH=/opt/ros/humble /usr/bin/cmake /home/tm0118/ros2_ws/src/duckie_interfaces -DCMAKE_INSTALL_PREFIX=/home/tm0118/ros2_ws/install/duckie_interfaces
[6.488s] DEBUG:colcon.colcon_core.event_handler.log_command:Invoked command in '/home/tm0118/ros2_ws/build/duckie_interfaces' returned '0': CMAKE_PREFIX_PATH=/opt/ros/humble /usr/bin/cmake /home/tm0118/ros2_ws/src/duckie_interfaces -DCMAKE_INSTALL_PREFIX=/home/tm0118/ros2_ws/install/duckie_interfaces
[6.490s] DEBUG:colcon.colcon_core.event_handler.log_command:Invoking command in '/home/tm0118/ros2_ws/build/duckie_interfaces': CMAKE_PREFIX_PATH=/opt/ros/humble /usr/bin/cmake --build /home/tm0118/ros2_ws/build/duckie_interfaces -- -j32 -l32
[9.001s] DEBUG:colcon.colcon_core.event_handler.log_command:Invoked command in '/home/tm0118/ros2_ws/build/duckie_interfaces' returned '0': CMAKE_PREFIX_PATH=/opt/ros/humble /usr/bin/cmake --build /home/tm0118/ros2_ws/build/duckie_interfaces -- -j32 -l32
[9.012s] DEBUG:colcon.colcon_core.event_handler.log_command:Invoking command in '/home/tm0118/ros2_ws/build/duckie_interfaces': CMAKE_PREFIX_PATH=/opt/ros/humble /usr/bin/cmake --install /home/tm0118/ros2_ws/build/duckie_interfaces
[9.085s] Level 1:colcon.colcon_core.environment:create_environment_scripts_only(duckie_interfaces)
[9.085s] DEBUG:colcon.colcon_core.event_handler.log_command:Invoked command in '/home/tm0118/ros2_ws/build/duckie_interfaces' returned '0': CMAKE_PREFIX_PATH=/opt/ros/humble /usr/bin/cmake --install /home/tm0118/ros2_ws/build/duckie_interfaces
[9.091s] Level 1:colcon.colcon_core.environment:checking '/home/tm0118/ros2_ws/install/duckie_interfaces' for CMake module files
[9.092s] Level 1:colcon.colcon_core.environment:checking '/home/tm0118/ros2_ws/install/duckie_interfaces' for CMake config files
[9.092s] Level 1:colcon.colcon_core.shell:create_environment_hook('duckie_interfaces', 'cmake_prefix_path')
[9.093s] INFO:colcon.colcon_core.shell:Creating environment hook '/home/tm0118/ros2_ws/install/duckie_interfaces/share/duckie_interfaces/hook/cmake_prefix_path.ps1'
[9.094s] INFO:colcon.colcon_core.shell:Creating environment descriptor '/home/tm0118/ros2_ws/install/duckie_interfaces/share/duckie_interfaces/hook/cmake_prefix_path.dsv'
[9.094s] INFO:colcon.colcon_core.shell:Creating environment hook '/home/tm0118/ros2_ws/install/duckie_interfaces/share/duckie_interfaces/hook/cmake_prefix_path.sh'
[9.095s] Level 1:colcon.colcon_core.environment:checking '/home/tm0118/ros2_ws/install/duckie_interfaces/lib'
[9.095s] Level 1:colcon.colcon_core.shell:create_environment_hook('duckie_interfaces', 'ld_library_path_lib')
[9.095s] INFO:colcon.colcon_core.shell:Creating environment hook '/home/tm0118/ros2_ws/install/duckie_interfaces/share/duckie_interfaces/hook/ld_library_path_lib.ps1'
[9.096s] INFO:colcon.colcon_core.shell:Creating environment descriptor '/home/tm0118/ros2_ws/install/duckie_interfaces/share/duckie_interfaces/hook/ld_library_path_lib.dsv'
[9.096s] INFO:colcon.colcon_core.shell:Creating environment hook '/home/tm0118/ros2_ws/install/duckie_interfaces/share/duckie_interfaces/hook/ld_library_path_lib.sh'
[9.096s] Level 1:colcon.colcon_core.environment:checking '/home/tm0118/ros2_ws/install/duckie_interfaces/bin'
[9.096s] Level 1:colcon.colcon_core.environment:checking '/home/tm0118/ros2_ws/install/duckie_interfaces/lib/pkgconfig/duckie_interfaces.pc'
[9.096s] Level 1:colcon.colcon_core.environment:checking '/home/tm0118/ros2_ws/install/duckie_interfaces/lib/python3.10/site-packages'
[9.097s] Level 1:colcon.colcon_core.environment:checking '/home/tm0118/ros2_ws/install/duckie_interfaces/bin'
[9.097s] INFO:colcon.colcon_core.shell:Creating package script '/home/tm0118/ros2_ws/install/duckie_interfaces/share/duckie_interfaces/package.ps1'
[9.098s] INFO:colcon.colcon_core.shell:Creating package descriptor '/home/tm0118/ros2_ws/install/duckie_interfaces/share/duckie_interfaces/package.dsv'
[9.098s] INFO:colcon.colcon_core.shell:Creating package script '/home/tm0118/ros2_ws/install/duckie_interfaces/share/duckie_interfaces/package.sh'
[9.099s] INFO:colcon.colcon_core.shell:Creating package script '/home/tm0118/ros2_ws/install/duckie_interfaces/share/duckie_interfaces/package.bash'
[9.100s] INFO:colcon.colcon_core.shell:Creating package script '/home/tm0118/ros2_ws/install/duckie_interfaces/share/duckie_interfaces/package.zsh'
[9.101s] Level 1:colcon.colcon_core.environment:create_file_with_runtime_dependencies(/home/tm0118/ros2_ws/install/duckie_interfaces/share/colcon-core/packages/duckie_interfaces)
[9.102s] Level 1:colcon.colcon_core.environment:create_environment_scripts_only(duckie_interfaces)
[9.102s] Level 1:colcon.colcon_core.environment:checking '/home/tm0118/ros2_ws/install/duckie_interfaces' for CMake module files
[9.103s] Level 1:colcon.colcon_core.environment:checking '/home/tm0118/ros2_ws/install/duckie_interfaces' for CMake config files
[9.103s] Level 1:colcon.colcon_core.shell:create_environment_hook('duckie_interfaces', 'cmake_prefix_path')
[9.103s] INFO:colcon.colcon_core.shell:Creating environment hook '/home/tm0118/ros2_ws/install/duckie_interfaces/share/duckie_interfaces/hook/cmake_prefix_path.ps1'
[9.104s] INFO:colcon.colcon_core.shell:Creating environment descriptor '/home/tm0118/ros2_ws/install/duckie_interfaces/share/duckie_interfaces/hook/cmake_prefix_path.dsv'
[9.104s] INFO:colcon.colcon_core.shell:Creating environment hook '/home/tm0118/ros2_ws/install/duckie_interfaces/share/duckie_interfaces/hook/cmake_prefix_path.sh'
[9.104s] Level 1:colcon.colcon_core.environment:checking '/home/tm0118/ros2_ws/install/duckie_interfaces/lib'
[9.104s] Level 1:colcon.colcon_core.shell:create_environment_hook('duckie_interfaces', 'ld_library_path_lib')
[9.105s] INFO:colcon.colcon_core.shell:Creating environment hook '/home/tm0118/ros2_ws/install/duckie_interfaces/share/duckie_interfaces/hook/ld_library_path_lib.ps1'
[9.105s] INFO:colcon.colcon_core.shell:Creating environment descriptor '/home/tm0118/ros2_ws/install/duckie_interfaces/share/duckie_interfaces/hook/ld_library_path_lib.dsv'
[9.105s] INFO:colcon.colcon_core.shell:Creating environment hook '/home/tm0118/ros2_ws/install/duckie_interfaces/share/duckie_interfaces/hook/ld_library_path_lib.sh'
[9.105s] Level 1:colcon.colcon_core.environment:checking '/home/tm0118/ros2_ws/install/duckie_interfaces/bin'
[9.106s] Level 1:colcon.colcon_core.environment:checking '/home/tm0118/ros2_ws/install/duckie_interfaces/lib/pkgconfig/duckie_interfaces.pc'
[9.106s] Level 1:colcon.colcon_core.environment:checking '/home/tm0118/ros2_ws/install/duckie_interfaces/lib/python3.10/site-packages'
[9.106s] Level 1:colcon.colcon_core.environment:checking '/home/tm0118/ros2_ws/install/duckie_interfaces/bin'
[9.106s] INFO:colcon.colcon_core.shell:Creating package script '/home/tm0118/ros2_ws/install/duckie_interfaces/share/duckie_interfaces/package.ps1'
[9.107s] INFO:colcon.colcon_core.shell:Creating package descriptor '/home/tm0118/ros2_ws/install/duckie_interfaces/share/duckie_interfaces/package.dsv'
[9.107s] INFO:colcon.colcon_core.shell:Creating package script '/home/tm0118/ros2_ws/install/duckie_interfaces/share/duckie_interfaces/package.sh'
[9.107s] INFO:colcon.colcon_core.shell:Creating package script '/home/tm0118/ros2_ws/install/duckie_interfaces/share/duckie_interfaces/package.bash'
[9.108s] INFO:colcon.colcon_core.shell:Creating package script '/home/tm0118/ros2_ws/install/duckie_interfaces/share/duckie_interfaces/package.zsh'
[9.108s] Level 1:colcon.colcon_core.environment:create_file_with_runtime_dependencies(/home/tm0118/ros2_ws/install/duckie_interfaces/share/colcon-core/packages/duckie_interfaces)
[9.108s] INFO:colcon.colcon_ros.task.ament_python.build:Building ROS package in '/home/tm0118/ros2_ws/src/duckie_control' with build type 'ament_python'
[9.108s] Level 1:colcon.colcon_core.shell:create_environment_hook('duckie_control', 'ament_prefix_path')
[9.108s] INFO:colcon.colcon_core.shell:Creating environment hook '/home/tm0118/ros2_ws/install/duckie_control/share/duckie_control/hook/ament_prefix_path.ps1'
[9.110s] INFO:colcon.colcon_core.shell:Creating environment descriptor '/home/tm0118/ros2_ws/install/duckie_control/share/duckie_control/hook/ament_prefix_path.dsv'
[9.110s] INFO:colcon.colcon_core.shell:Creating environment hook '/home/tm0118/ros2_ws/install/duckie_control/share/duckie_control/hook/ament_prefix_path.sh'
[9.111s] INFO:colcon.colcon_core.shell:Skip shell extension 'powershell' for command environment: Not usable outside of PowerShell
[9.111s] DEBUG:colcon.colcon_core.shell:Skip shell extension 'dsv' for command environment
[9.524s] INFO:colcon.colcon_core.task.python.build:Building Python package in '/home/tm0118/ros2_ws/src/duckie_control'
[9.525s] INFO:colcon.colcon_core.shell:Skip shell extension 'powershell' for command environment: Not usable outside of PowerShell
[9.525s] DEBUG:colcon.colcon_core.shell:Skip shell extension 'dsv' for command environment
[10.175s] DEBUG:colcon.colcon_core.event_handler.log_command:Invoking command in '/home/tm0118/ros2_ws/src/duckie_control': AMENT_PREFIX_PATH=/home/tm0118/ros2_ws/install/duckie_interfaces:${AMENT_PREFIX_PATH} CMAKE_PREFIX_PATH=/home/tm0118/ros2_ws/install/duckie_interfaces LD_LIBRARY_PATH=/home/tm0118/ros2_ws/install/duckie_interfaces/lib:${LD_LIBRARY_PATH} PYTHONPATH=/home/tm0118/ros2_ws/build/duckie_control/prefix_override:/usr/lib/python3/dist-packages/colcon_core/task/python/colcon_distutils_commands:/home/tm0118/ros2_ws/install/duckie_control/lib/python3.10/site-packages:/home/tm0118/ros2_ws/install/duckie_interfaces/local/lib/python3.10/dist-packages:${PYTHONPATH} /usr/bin/python3 -W ignore:setup.py install is deprecated -W ignore:easy_install command is deprecated setup.py egg_info --egg-base ../../build/duckie_control build --build-base /home/tm0118/ros2_ws/build/duckie_control/build install --record /home/tm0118/ros2_ws/build/duckie_control/install.log --single-version-externally-managed install_data
[10.393s] Level 1:colcon.colcon_core.environment:checking '/home/tm0118/ros2_ws/install/duckie_control' for CMake module files
[10.394s] DEBUG:colcon.colcon_core.event_handler.log_command:Invoked command in '/home/tm0118/ros2_ws/src/duckie_control' returned '0': AMENT_PREFIX_PATH=/home/tm0118/ros2_ws/install/duckie_interfaces:${AMENT_PREFIX_PATH} CMAKE_PREFIX_PATH=/home/tm0118/ros2_ws/install/duckie_interfaces LD_LIBRARY_PATH=/home/tm0118/ros2_ws/install/duckie_interfaces/lib:${LD_LIBRARY_PATH} PYTHONPATH=/home/tm0118/ros2_ws/build/duckie_control/prefix_override:/usr/lib/python3/dist-packages/colcon_core/task/python/colcon_distutils_commands:/home/tm0118/ros2_ws/install/duckie_control/lib/python3.10/site-packages:/home/tm0118/ros2_ws/install/duckie_interfaces/local/lib/python3.10/dist-packages:${PYTHONPATH} /usr/bin/python3 -W ignore:setup.py install is deprecated -W ignore:easy_install command is deprecated setup.py egg_info --egg-base ../../build/duckie_control build --build-base /home/tm0118/ros2_ws/build/duckie_control/build install --record /home/tm0118/ros2_ws/build/duckie_control/install.log --single-version-externally-managed install_data
[10.394s] Level 1:colcon.colcon_core.environment:checking '/home/tm0118/ros2_ws/install/duckie_control' for CMake config files
[10.395s] Level 1:colcon.colcon_core.environment:checking '/home/tm0118/ros2_ws/install/duckie_control/lib'
[10.395s] Level 1:colcon.colcon_core.environment:checking '/home/tm0118/ros2_ws/install/duckie_control/bin'
[10.395s] Level 1:colcon.colcon_core.environment:checking '/home/tm0118/ros2_ws/install/duckie_control/lib/pkgconfig/duckie_control.pc'
[10.395s] Level 1:colcon.colcon_core.environment:checking '/home/tm0118/ros2_ws/install/duckie_control/lib/python3.10/site-packages'
[10.395s] Level 1:colcon.colcon_core.shell:create_environment_hook('duckie_control', 'pythonpath')
[10.395s] INFO:colcon.colcon_core.shell:Creating environment hook '/home/tm0118/ros2_ws/install/duckie_control/share/duckie_control/hook/pythonpath.ps1'
[10.396s] INFO:colcon.colcon_core.shell:Creating environment descriptor '/home/tm0118/ros2_ws/install/duckie_control/share/duckie_control/hook/pythonpath.dsv'
[10.396s] INFO:colcon.colcon_core.shell:Creating environment hook '/home/tm0118/ros2_ws/install/duckie_control/share/duckie_control/hook/pythonpath.sh'
[10.396s] Level 1:colcon.colcon_core.environment:checking '/home/tm0118/ros2_ws/install/duckie_control/bin'
[10.396s] Level 1:colcon.colcon_core.environment:create_environment_scripts_only(duckie_control)
[10.397s] INFO:colcon.colcon_core.shell:Creating package script '/home/tm0118/ros2_ws/install/duckie_control/share/duckie_control/package.ps1'
[10.397s] INFO:colcon.colcon_core.shell:Creating package descriptor '/home/tm0118/ros2_ws/install/duckie_control/share/duckie_control/package.dsv'
[10.397s] INFO:colcon.colcon_core.shell:Creating package script '/home/tm0118/ros2_ws/install/duckie_control/share/duckie_control/package.sh'
[10.398s] INFO:colcon.colcon_core.shell:Creating package script '/home/tm0118/ros2_ws/install/duckie_control/share/duckie_control/package.bash'
[10.398s] INFO:colcon.colcon_core.shell:Creating package script '/home/tm0118/ros2_ws/install/duckie_control/share/duckie_control/package.zsh'
[10.398s] Level 1:colcon.colcon_core.environment:create_file_with_runtime_dependencies(/home/tm0118/ros2_ws/install/duckie_control/share/colcon-core/packages/duckie_control)
[10.399s] DEBUG:colcon.colcon_parallel_executor.executor.parallel:closing loop
[10.399s] DEBUG:colcon.colcon_parallel_executor.executor.parallel:loop closed
[10.399s] DEBUG:colcon.colcon_parallel_executor.executor.parallel:run_until_complete finished with '0'
[10.399s] DEBUG:colcon.colcon_core.event_reactor:joining thread
[10.502s] INFO:colcon.colcon_core.plugin_system:Skipping extension 'colcon_notification.desktop_notification.notify_send': Could not find 'notify-send'
[10.503s] INFO:colcon.colcon_core.plugin_system:Skipping extension 'colcon_notification.desktop_notification.terminal_notifier': Not used on non-Darwin systems
[10.503s] INFO:colcon.colcon_core.plugin_system:Skipping extension 'colcon_notification.desktop_notification.win32': Not used on non-Windows systems
[10.503s] INFO:colcon.colcon_notification.desktop_notification:Sending desktop notification using 'notify2'
[10.504s] DEBUG:colcon.colcon_notification.desktop_notification.notify2:Failed to initialize notify2: org.freedesktop.DBus.Error.ServiceUnknown: The name org.freedesktop.Notifications was not provided by any .service files
[10.504s] DEBUG:colcon.colcon_core.event_reactor:joined thread
[10.504s] INFO:colcon.colcon_core.shell:Creating prefix script '/home/tm0118/ros2_ws/install/local_setup.ps1'
[10.505s] INFO:colcon.colcon_core.shell:Creating prefix util module '/home/tm0118/ros2_ws/install/_local_setup_util_ps1.py'
[10.506s] INFO:colcon.colcon_core.shell:Creating prefix chain script '/home/tm0118/ros2_ws/install/setup.ps1'
[10.507s] INFO:colcon.colcon_core.shell:Creating prefix script '/home/tm0118/ros2_ws/install/local_setup.sh'
[10.508s] INFO:colcon.colcon_core.shell:Creating prefix util module '/home/tm0118/ros2_ws/install/_local_setup_util_sh.py'
[10.508s] INFO:colcon.colcon_core.shell:Creating prefix chain script '/home/tm0118/ros2_ws/install/setup.sh'
[10.509s] INFO:colcon.colcon_core.shell:Creating prefix script '/home/tm0118/ros2_ws/install/local_setup.bash'
[10.510s] INFO:colcon.colcon_core.shell:Creating prefix chain script '/home/tm0118/ros2_ws/install/setup.bash'
[10.511s] INFO:colcon.colcon_core.shell:Creating prefix script '/home/tm0118/ros2_ws/install/local_setup.zsh'
[10.511s] INFO:colcon.colcon_core.shell:Creating prefix chain script '/home/tm0118/ros2_ws/install/setup.zsh'
